Audit Success,26-02-2026 19:25,Microsoft-Windows-Security-Auditing,4798,User Account Management,"A user's local group membership was enumerated.

Subject:
	Security ID:		SYSTEM
	Account Name:		LAPTOP-D91EEUIO$
	Account Domain:		WORKGROUP
	Logon ID:		0x3E7

User:
	Security ID:		LAPTOP-D91EEUIO\amitm
	Account Name:		amitm
	Account Domain:		LAPTOP-D91EEUIO

Process Information:
	Process ID:		0x2660
	Process Name:		C:\Windows\System32\svchost.exe"
Audit Success,26-02-2026 19:25,Microsoft-Windows-Security-Auditing,4798,User Account Management,"A user's local group membership was enumerated.

Subject:
	Security ID:		SYSTEM
	Account Name:		LAPTOP-D91EEUIO$
	Account Domain:		WORKGROUP
	Logon ID:		0x3E7

User:
	Security ID:		LAPTOP-D91EEUIO\Administrator
	Account Name:		Administrator
	Account Domain:		LAPTOP-D91EEUIO

Process Information:
	Process ID:		0x2660
	Process Name:		C:\Windows\System32\svchost.exe"
Audit Success,26-02-2026 19:25,Microsoft-Windows-Security-Auditing,4798,User Account Management,"A user's local group membership was enumerated.

Subject:
	Security ID:		SYSTEM
	Account Name:		LAPTOP-D91EEUIO$
	Account Domain:		WORKGROUP
	Logon ID:		0x3E7

User:
	Security ID:		LAPTOP-D91EEUIO\ankit
	Account Name:		ankit
	Account Domain:		LAPTOP-D91EEUIO

Process Information:
	Process ID:		0x2660
	Process Name:		C:\Windows\System32\svchost.exe"
Audit Success,26-02-2026 19:25,Microsoft-Windows-Security-Auditing,4798,User Account Management,"A user's local group membership was enumerated.

Subject:
	Security ID:		SYSTEM
	Account Name:		LAPTOP-D91EEUIO$
	Account Domain:		WORKGROUP
	Logon ID:		0x3E7

User:
	Security ID:		LAPTOP-D91EEUIO\amitm
	Account Name:		amitm
	Account Domain:		LAPTOP-D91EEUIO

Process Information:
	Process ID:		0x2660
	Process Name:		C:\Windows\System32\svchost.exe"
Audit Success,26-02-2026 19:25,Microsoft-Windows-Security-Auditing,4798,User Account Management,"A user's local group membership was enumerated.

Subject:
	Security ID:		SYSTEM
	Account Name:		LAPTOP-D91EEUIO$
	Account Domain:		WORKGROUP
	Logon ID:		0x3E7

User:
	Security ID:		LAPTOP-D91EEUIO\Administrator
	Account Name:		Administrator
	Account Domain:		LAPTOP-D91EEUIO

Process Information:
	Process ID:		0x2660
	Process Name:		C:\Windows\System32\svchost.exe"
Audit Success,26-02-2026 19:25,Microsoft-Windows-Security-Auditing,4798,User Account Management,"A user's local group membership was enumerated.

Subject:
	Security ID:		SYSTEM
	Account Name:		LAPTOP-D91EEUIO$
	Account Domain:		WORKGROUP
	Logon ID:		0x3E7

User:
	Security ID:		LAPTOP-D91EEUIO\ankit
	Account Name:		ankit
	Account Domain:		LAPTOP-D91EEUIO

Process Information:
	Process ID:		0x2660
	Process Name:		C:\Windows\System32\svchost.exe"
Audit Success,26-02-2026 19:25,Microsoft-Windows-Security-Auditing,4798,User Account Management,"A user's local group membership was enumerated.

Subject:
	Security ID:		SYSTEM
	Account Name:		LAPTOP-D91EEUIO$
	Account Domain:		WORKGROUP
	Logon ID:		0x3E7

User:
	Security ID:		LAPTOP-D91EEUIO\amitm
	Account Name:		amitm
	Account Domain:		LAPTOP-D91EEUIO

Process Information:
	Process ID:		0x2660
	Process Name:		C:\Windows\System32\svchost.exe"
Audit Success,26-02-2026 19:25,Microsoft-Windows-Security-Auditing,4798,User Account Management,"A user's local group membership was enumerated.

Subject:
	Security ID:		SYSTEM
	Account Name:		LAPTOP-D91EEUIO$
	Account Domain:		WORKGROUP
	Logon ID:		0x3E7

User:
	Security ID:		LAPTOP-D91EEUIO\Administrator
	Account Name:		Administrator
	Account Domain:		LAPTOP-D91EEUIO

Process Information:
	Process ID:		0x2660
	Process Name:		C:\Windows\System32\svchost.exe"
Audit Success,26-02-2026 19:24,Microsoft-Windows-Security-Auditing,4798,User Account Management,"A user's local group membership was enumerated.

Subject:
	Security ID:		SYSTEM
	Account Name:		LAPTOP-D91EEUIO$
	Account Domain:		WORKGROUP
	Logon ID:		0x3E7

User:
	Security ID:		LAPTOP-D91EEUIO\ankit
	Account Name:		ankit
	Account Domain:		LAPTOP-D91EEUIO

Process Information:
	Process ID:		0x2660
	Process Name:		C:\Windows\System32\svchost.exe"
Audit Success,26-02-2026 19:24,Microsoft-Windows-Security-Auditing,4798,User Account Management,"A user's local group membership was enumerated.

Subject:
	Security ID:		SYSTEM
	Account Name:		LAPTOP-D91EEUIO$
	Account Domain:		WORKGROUP
	Logon ID:		0x3E7

User:
	Security ID:		LAPTOP-D91EEUIO\amitm
	Account Name:		amitm
	Account Domain:		LAPTOP-D91EEUIO

Process Information:
	Process ID:		0x2660
	Process Name:		C:\Windows\System32\svchost.exe"
Audit Success,26-02-2026 19:24,Microsoft-Windows-Security-Auditing,4798,User Account Management,"A user's local group membership was enumerated.

Subject:
	Security ID:		SYSTEM
	Account Name:		LAPTOP-D91EEUIO$
	Account Domain:		WORKGROUP
	Logon ID:		0x3E7

User:
	Security ID:		LAPTOP-D91EEUIO\Administrator
	Account Name:		Administrator
	Account Domain:		LAPTOP-D91EEUIO

Process Information:
	Process ID:		0x2660
	Process Name:		C:\Windows\System32\svchost.exe"
Audit Success,26-02-2026 19:24,Microsoft-Windows-Security-Auditing,4798,User Account Management,"A user's local group membership was enumerated.

Subject:
	Security ID:		SYSTEM
	Account Name:		LAPTOP-D91EEUIO$
	Account Domain:		WORKGROUP
	Logon ID:		0x3E7

User:
	Security ID:		LAPTOP-D91EEUIO\ankit
	Account Name:		ankit
	Account Domain:		LAPTOP-D91EEUIO

Process Information:
	Process ID:		0x2660
	Process Name:		C:\Windows\System32\svchost.exe"
Audit Success,26-02-2026 19:24,Microsoft-Windows-Security-Auditing,4798,User Account Management,"A user's local group membership was enumerated.

Subject:
	Security ID:		SYSTEM
	Account Name:		LAPTOP-D91EEUIO$
	Account Domain:		WORKGROUP
	Logon ID:		0x3E7

User:
	Security ID:		LAPTOP-D91EEUIO\amitm
	Account Name:		amitm
	Account Domain:		LAPTOP-D91EEUIO

Process Information:
	Process ID:		0x2660
	Process Name:		C:\Windows\System32\svchost.exe"
Audit Success,26-02-2026 19:24,Microsoft-Windows-Security-Auditing,4798,User Account Management,"A user's local group membership was enumerated.

Subject:
	Security ID:		SYSTEM
	Account Name:		LAPTOP-D91EEUIO$
	Account Domain:		WORKGROUP
	Logon ID:		0x3E7

User:
	Security ID:		LAPTOP-D91EEUIO\Administrator
	Account Name:		Administrator
	Account Domain:		LAPTOP-D91EEUIO

Process Information:
	Process ID:		0x2660
	Process Name:		C:\Windows\System32\svchost.exe"
Audit Success,26-02-2026 19:24,Microsoft-Windows-Security-Auditing,4798,User Account Management,"A user's local group membership was enumerated.

Subject:
	Security ID:		SYSTEM
	Account Name:		LAPTOP-D91EEUIO$
	Account Domain:		WORKGROUP
	Logon ID:		0x3E7

User:
	Security ID:		LAPTOP-D91EEUIO\ankit
	Account Name:		ankit
	Account Domain:		LAPTOP-D91EEUIO

Process Information:
	Process ID:		0x2660
	Process Name:		C:\Windows\System32\svchost.exe"
Audit Success,26-02-2026 19:24,Microsoft-Windows-Security-Auditing,4798,User Account Management,"A user's local group membership was enumerated.

Subject:
	Security ID:		SYSTEM
	Account Name:		LAPTOP-D91EEUIO$
	Account Domain:		WORKGROUP
	Logon ID:		0x3E7

User:
	Security ID:		LAPTOP-D91EEUIO\amitm
	Account Name:		amitm
	Account Domain:		LAPTOP-D91EEUIO

Process Information:
	Process ID:		0x2660
	Process Name:		C:\Windows\System32\svchost.exe"
Audit Success,26-02-2026 19:24,Microsoft-Windows-Security-Auditing,4798,User Account Management,"A user's local group membership was enumerated.

Subject:
	Security ID:		SYSTEM
	Account Name:		LAPTOP-D91EEUIO$
	Account Domain:		WORKGROUP
	Logon ID:		0x3E7

User:
	Security ID:		LAPTOP-D91EEUIO\Administrator
	Account Name:		Administrator
	Account Domain:		LAPTOP-D91EEUIO

Process Information:
	Process ID:		0x2660
	Process Name:		C:\Windows\System32\svchost.exe"
Audit Success,26-02-2026 19:24,Microsoft-Windows-Security-Auditing,4798,User Account Management,"A user's local group membership was enumerated.

Subject:
	Security ID:		SYSTEM
	Account Name:		LAPTOP-D91EEUIO$
	Account Domain:		WORKGROUP
	Logon ID:		0x3E7

User:
	Security ID:		LAPTOP-D91EEUIO\ankit
	Account Name:		ankit
	Account Domain:		LAPTOP-D91EEUIO

Process Information:
	Process ID:		0x2660
	Process Name:		C:\Windows\System32\svchost.exe"
Audit Success,26-02-2026 19:24,Microsoft-Windows-Security-Auditing,4798,User Account Management,"A user's local group membership was enumerated.

Subject:
	Security ID:		SYSTEM
	Account Name:		LAPTOP-D91EEUIO$
	Account Domain:		WORKGROUP
	Logon ID:		0x3E7

User:
	Security ID:		LAPTOP-D91EEUIO\amitm
	Account Name:		amitm
	Account Domain:		LAPTOP-D91EEUIO

Process Information:
	Process ID:		0x2660
	Process Name:		C:\Windows\System32\svchost.exe"
Audit Success,26-02-2026 19:24,Microsoft-Windows-Security-Auditing,4798,User Account Management,"A user's local group membership was enumerated.

Subject:
	Security ID:		SYSTEM
	Account Name:		LAPTOP-D91EEUIO$
	Account Domain:		WORKGROUP
	Logon ID:		0x3E7

User:
	Security ID:		LAPTOP-D91EEUIO\Administrator
	Account Name:		Administrator
	Account Domain:		LAPTOP-D91EEUIO

Process Information:
	Process ID:		0x2660
	Process Name:		C:\Windows\System32\svchost.exe"
Audit Success,26-02-2026 19:24,Microsoft-Windows-Security-Auditing,4798,User Account Management,"A user's local group membership was enumerated.

Subject:
	Security ID:		SYSTEM
	Account Name:		LAPTOP-D91EEUIO$
	Account Domain:		WORKGROUP
	Logon ID:		0x3E7

User:
	Security ID:		LAPTOP-D91EEUIO\ankit
	Account Name:		ankit
	Account Domain:		LAPTOP-D91EEUIO

Process Information:
	Process ID:		0x2660
	Process Name:		C:\Windows\System32\svchost.exe"
Audit Success,26-02-2026 19:24,Microsoft-Windows-Security-Auditing,4798,User Account Management,"A user's local group membership was enumerated.

Subject:
	Security ID:		SYSTEM
	Account Name:		LAPTOP-D91EEUIO$
	Account Domain:		WORKGROUP
	Logon ID:		0x3E7

User:
	Security ID:		LAPTOP-D91EEUIO\amitm
	Account Name:		amitm
	Account Domain:		LAPTOP-D91EEUIO

Process Information:
	Process ID:		0x2660
	Process Name:		C:\Windows\System32\svchost.exe"
Audit Success,26-02-2026 19:24,Microsoft-Windows-Security-Auditing,4798,User Account Management,"A user's local group membership was enumerated.

Subject:
	Security ID:		SYSTEM
	Account Name:		LAPTOP-D91EEUIO$
	Account Domain:		WORKGROUP
	Logon ID:		0x3E7

User:
	Security ID:		LAPTOP-D91EEUIO\Administrator
	Account Name:		Administrator
	Account Domain:		LAPTOP-D91EEUIO

Process Information:
	Process ID:		0x2660
	Process Name:		C:\Windows\System32\svchost.exe"
Audit Success,26-02-2026 19:24,Microsoft-Windows-Security-Auditing,4798,User Account Management,"A user's local group membership was enumerated.

Subject:
	Security ID:		SYSTEM
	Account Name:		LAPTOP-D91EEUIO$
	Account Domain:		WORKGROUP
	Logon ID:		0x3E7

User:
	Security ID:		LAPTOP-D91EEUIO\ankit
	Account Name:		ankit
	Account Domain:		LAPTOP-D91EEUIO

Process Information:
	Process ID:		0x2660
	Process Name:		C:\Windows\System32\svchost.exe"
Audit Success,26-02-2026 19:24,Microsoft-Windows-Security-Auditing,4798,User Account Management,"A user's local group membership was enumerated.

Subject:
	Security ID:		SYSTEM
	Account Name:		LAPTOP-D91EEUIO$
	Account Domain:		WORKGROUP
	Logon ID:		0x3E7

User:
	Security ID:		LAPTOP-D91EEUIO\amitm
	Account Name:		amitm
	Account Domain:		LAPTOP-D91EEUIO

Process Information:
	Process ID:		0x2660
	Process Name:		C:\Windows\System32\svchost.exe"
Audit Success,26-02-2026 19:24,Microsoft-Windows-Security-Auditing,4798,User Account Management,"A user's local group membership was enumerated.

Subject:
	Security ID:		SYSTEM
	Account Name:		LAPTOP-D91EEUIO$
	Account Domain:		WORKGROUP
	Logon ID:		0x3E7

User:
	Security ID:		LAPTOP-D91EEUIO\Administrator
	Account Name:		Administrator
	Account Domain:		LAPTOP-D91EEUIO

Process Information:
	Process ID:		0x2660
	Process Name:		C:\Windows\System32\svchost.exe"
Audit Success,26-02-2026 19:23,Microsoft-Windows-Security-Auditing,5058,Other System Events,"Key file operation.

Subject:
	Security ID:		LAPTOP-D91EEUIO\ankit
	Account Name:		ankit
	Account Domain:		LAPTOP-D91EEUIO
	Logon ID:		0xE1EBB5

Process Information:
	Process ID:		12300
	Process Creation Time:	‎2026‎-‎02‎-‎26T13:53:40.403962500Z

Cryptographic Parameters:
	Provider Name:	Microsoft Software Key Storage Provider
	Algorithm Name:	ECDSA_P256
	Key Name:	ChromeMetricsTestKey
	Key Type:	User key.

Key File Operation Information:
	File Path:	C:\Users\ankit\AppData\Roaming\Microsoft\Crypto\Keys\1e313dfb17707690d41bc1ce552b952a_bb2ab056-5efa-409f-808d-36981e9b86ec
	Operation:	Delete key file.
	Return Code:	0x0"
Audit Success,26-02-2026 19:23,Microsoft-Windows-Security-Auditing,5059,Other System Events,"Key migration operation.

Subject:
	Security ID:		LAPTOP-D91EEUIO\ankit
	Account Name:		ankit
	Account Domain:		LAPTOP-D91EEUIO
	Logon ID:		0xE1EBB5

Process Information:
	Process ID:		12300
	Process Creation Time:	‎2026‎-‎02‎-‎26T13:53:40.403962500Z

Cryptographic Parameters:
	Provider Name:	Microsoft Software Key Storage Provider
	Algorithm Name:	ECDSA_P256
	Key Name:	ChromeMetricsTestKey
	Key Type:	User key.

Additional Information:
	Operation:	Export of persistent cryptographic key.
	Return Code:	0x0"
Audit Success,26-02-2026 19:23,Microsoft-Windows-Security-Auditing,5061,System Integrity,"Cryptographic operation.

Subject:
	Security ID:		LAPTOP-D91EEUIO\ankit
	Account Name:		ankit
	Account Domain:		LAPTOP-D91EEUIO
	Logon ID:		0xE1EBB5

Cryptographic Parameters:
	Provider Name:	Microsoft Software Key Storage Provider
	Algorithm Name:	ECDSA_P256
	Key Name:	ChromeMetricsTestKey
	Key Type:	User key.

Cryptographic Operation:
	Operation:	Open Key.
	Return Code:	0x0"
Audit Success,26-02-2026 19:23,Microsoft-Windows-Security-Auditing,5058,Other System Events,"Key file operation.

Subject:
	Security ID:		LAPTOP-D91EEUIO\ankit
	Account Name:		ankit
	Account Domain:		LAPTOP-D91EEUIO
	Logon ID:		0xE1EBB5

Process Information:
	Process ID:		12300
	Process Creation Time:	‎2026‎-‎02‎-‎26T13:53:40.403962500Z

Cryptographic Parameters:
	Provider Name:	Microsoft Software Key Storage Provider
	Algorithm Name:	UNKNOWN
	Key Name:	ChromeMetricsTestKey
	Key Type:	User key.

Key File Operation Information:
	File Path:	C:\Users\ankit\AppData\Roaming\Microsoft\Crypto\Keys\1e313dfb17707690d41bc1ce552b952a_bb2ab056-5efa-409f-808d-36981e9b86ec
	Operation:	Read persisted key from file.
	Return Code:	0x0"
Audit Success,26-02-2026 19:23,Microsoft-Windows-Security-Auditing,5059,Other System Events,"Key migration operation.

Subject:
	Security ID:		LAPTOP-D91EEUIO\ankit
	Account Name:		ankit
	Account Domain:		LAPTOP-D91EEUIO
	Logon ID:		0xE1EBB5

Process Information:
	Process ID:		12300
	Process Creation Time:	‎2026‎-‎02‎-‎26T13:53:40.403962500Z

Cryptographic Parameters:
	Provider Name:	Microsoft Software Key Storage Provider
	Algorithm Name:	ECDSA_P256
	Key Name:	ChromeMetricsTestKey
	Key Type:	User key.

Additional Information:
	Operation:	Export of persistent cryptographic key.
	Return Code:	0x0"
Audit Success,26-02-2026 19:23,Microsoft-Windows-Security-Auditing,5061,System Integrity,"Cryptographic operation.

Subject:
	Security ID:		LAPTOP-D91EEUIO\ankit
	Account Name:		ankit
	Account Domain:		LAPTOP-D91EEUIO
	Logon ID:		0xE1EBB5

Cryptographic Parameters:
	Provider Name:	Microsoft Software Key Storage Provider
	Algorithm Name:	ECDSA_P256
	Key Name:	ChromeMetricsTestKey
	Key Type:	User key.

Cryptographic Operation:
	Operation:	Create Key.
	Return Code:	0x0"
Audit Success,26-02-2026 19:23,Microsoft-Windows-Security-Auditing,5058,Other System Events,"Key file operation.

Subject:
	Security ID:		LAPTOP-D91EEUIO\ankit
	Account Name:		ankit
	Account Domain:		LAPTOP-D91EEUIO
	Logon ID:		0xE1EBB5

Process Information:
	Process ID:		12300
	Process Creation Time:	‎2026‎-‎02‎-‎26T13:53:40.403962500Z

Cryptographic Parameters:
	Provider Name:	Microsoft Software Key Storage Provider
	Algorithm Name:	ECDSA_P256
	Key Name:	ChromeMetricsTestKey
	Key Type:	User key.

Key File Operation Information:
	File Path:	C:\Users\ankit\AppData\Roaming\Microsoft\Crypto\Keys\1e313dfb17707690d41bc1ce552b952a_bb2ab056-5efa-409f-808d-36981e9b86ec
	Operation:	Write persisted key to file.
	Return Code:	0x0"
